#-----------------------------------------------------------
# Vivado v2019.1 (64-bit)
# SW Build 2552052 on Fri May 24 14:49:42 MDT 2019
# IP Build 2548770 on Fri May 24 18:01:18 MDT 2019
# Start of session at: Wed Oct 30 16:54:33 2019
# Process ID: 228
# Current directory: E:/ZYNQ/ZYNQ_car_NoOS_EES-288B-v1.1_Vivado2017.2/ZYNQ_car
# Command line: vivado.exe -gui_launcher_event rodinguilauncherevent1724 E:\ZYNQ\ZYNQ_car_NoOS_EES-288B-v1.1_Vivado2017.2\ZYNQ_car\ZYNQ_car.xpr
# Log file: E:/ZYNQ/ZYNQ_car_NoOS_EES-288B-v1.1_Vivado2017.2/ZYNQ_car/vivado.log
# Journal file: E:/ZYNQ/ZYNQ_car_NoOS_EES-288B-v1.1_Vivado2017.2/ZYNQ_car\vivado.jou
#-----------------------------------------------------------
start_gui
open_project E:/ZYNQ/ZYNQ_car_NoOS_EES-288B-v1.1_Vivado2017.2/ZYNQ_car/ZYNQ_car.xpr
INFO: [Project 1-313] Project file moved from 'E:/ZYNQ/ZYNQ_car_≥¨…˘≤®±‹’œ_NoOS_EES-288B-v1.1_Vivado2017.2/ZYNQ_car' since last save.
Scanning sources...
Finished scanning sources
WARNING: [filemgmt 56-2] IP Repository Path: Could not find the directory 'E:/ZYNQ/ZYNQ_car_NoOS_EES-288B-v1.1_Vivado2017.2/SmartCar_IP', nor could it be found using path 'E:/ZYNQ/ZYNQ_car_≥¨…˘≤®±‹’œ_NoOS_EES-288B-v1.1_Vivado2017.2/SmartCar_IP'.
INFO: [IP_Flow 19-234] Refreshing IP repositories
WARNING: [IP_Flow 19-2248] Failed to load user IP repository 'e:/ZYNQ/ZYNQ_car_NoOS_EES-288B-v1.1_Vivado2017.2/SmartCar_IP'; Can't find the specified path.
If this directory should no longer be in your list of user repositories, go to the IP Settings dialog and remove it.
INFO: [IP_Flow 19-2313] Loaded Vivado IP repository 'D:/Xilinx/Vivado/2019.1/data/ip'.
WARNING: [BD 41-1661] One or more IPs have been locked in the design 'system.bd'. Please run report_ip_status for more details and recommendations on how to fix this issue.
List of locked IPs:
system_axi_gpio_0_0
system_zcar_servo_v1_0_0_0
system_optical_0
system_auto_pc_0
system_processing_system7_0_axi_periph_0
system_Motor_Ctrl_L_0
system_rst_processing_system7_0_100M_0
system_xlconcat_0_0
system_ultrasonic_0_0
system_auto_pc_4
system_Motor_Ctrl_v1_0_0_0
system_axi_gpio_1_1
system_Motor_Ctrl_R_0
system_auto_pc_5
system_Motor_Ctrl_v1_0_0_1
system_xbar_0
system_auto_pc_6
system_auto_pc_3
system_auto_pc_2
system_auto_pc_1
system_auto_pc_7
system_axi_gpio_1_0
system_processing_system7_0_0

open_project: Time (s): cpu = 00:00:25 ; elapsed = 00:00:41 . Memory (MB): peak = 776.395 ; gain = 175.461
update_compile_order -fileset sources_1
open_bd_design {E:/ZYNQ/ZYNQ_car_NoOS_EES-288B-v1.1_Vivado2017.2/ZYNQ_car/ZYNQ_car.srcs/sources_1/bd/system/system.bd}
Adding component instance block -- XUP:Car:ultrasonic:1.0 - ultrasonic_0
CRITICAL WARNING: [BD 41-51] Could not find bus definition for the interface: S00_AXI 
CRITICAL WARNING: [BD 41-49] Could not find abstraction definition for the interface: S00_AXI 
ERROR: [BD 41-134] No portmaps are present on the interface: S00_AXI 
CRITICAL WARNING: [BD 41-51] Could not find bus definition for the interface: S00_AXI_CLK 
CRITICAL WARNING: [BD 41-49] Could not find abstraction definition for the interface: S00_AXI_CLK 
ERROR: [BD 41-134] No portmaps are present on the interface: S00_AXI_CLK 
Adding component instance block -- xilinx.com:user:zcar_servo_v1_0:1.0 - zcar_servo_v1_0_0
CRITICAL WARNING: [BD 41-51] Could not find bus definition for the interface: S00_AXI 
CRITICAL WARNING: [BD 41-49] Could not find abstraction definition for the interface: S00_AXI 
ERROR: [BD 41-134] No portmaps are present on the interface: S00_AXI 
CRITICAL WARNING: [BD 41-51] Could not find bus definition for the interface: S00_AXI_SIGNAL_CLOCK 
CRITICAL WARNING: [BD 41-49] Could not find abstraction definition for the interface: S00_AXI_SIGNAL_CLOCK 
ERROR: [BD 41-134] No portmaps are present on the interface: S00_AXI_SIGNAL_CLOCK 
Adding component instance block -- xilinx.com:ip:xlconcat:2.1 - xlconcat_0
Adding component instance block -- xilinx.com:ip:axi_gpio:2.0 - axi_gpio_0
Adding component instance block -- xilinx.com:ip:axi_gpio:2.0 - axi_gpio_1
Adding component instance block -- xilinx.com:ip:axi_gpio:2.0 - optical
Adding component instance block -- xilinx.com:ip:processing_system7:5.5 - processing_system7_0
Adding component instance block -- xilinx.com:ip:proc_sys_reset:5.0 - rst_processing_system7_0_100M
Adding component instance block -- xilinx.com:user:Motor_Ctrl_v1_0:1.0 - Motor_Ctrl_L
Adding component instance block -- xilinx.com:user:Motor_Ctrl_v1_0:1.0 - Motor_Ctrl_R
CRITICAL WARNING: [BD 41-51] Could not find bus definition for the interface: S00_AXI 
CRITICAL WARNING: [BD 41-177] The types of the interfaces 'M03_AXI'(xilinx.com:interface:aximm:1.0) and 'S00_AXI'(:::) are incompatible. They cannot be connected.
CRITICAL WARNING: [BD 41-51] Could not find bus definition for the interface: S00_AXI 
CRITICAL WARNING: [BD 41-177] The types of the interfaces 'M05_AXI'(xilinx.com:interface:aximm:1.0) and 'S00_AXI'(:::) are incompatible. They cannot be connected.
ERROR: [BD 41-6] ultrasonic_0 does not have a port called echo
ERROR: [BD 41-6] optical does not have a port called ip2intc_irpt
ERROR: [BD 41-6] ultrasonic_0 does not have a port called s00_axi_aresetn
ERROR: [BD 41-6] zcar_servo_v1_0_0 does not have a port called s00_axi_aresetn
ERROR: [BD 41-6] ultrasonic_0 does not have a port called interrupt
ERROR: [BD 41-6] ultrasonic_0 does not have a port called s00_axi_aclk
ERROR: [BD 41-6] zcar_servo_v1_0_0 does not have a port called s00_axi_aclk
ERROR: [BD 41-6] ultrasonic_0 does not have a port called trig
Adding component instance block -- xilinx.com:ip:axi_crossbar:2.1 - xbar
CRITICAL WARNING: [BD 41-5] xbar does not have a bus interface called M02_AXI
CRITICAL WARNING: [BD 41-5] xbar does not have a bus interface called M03_AXI
CRITICAL WARNING: [BD 41-5] xbar does not have a bus interface called M04_AXI
CRITICAL WARNING: [BD 41-5] xbar does not have a bus interface called M05_AXI
CRITICAL WARNING: [BD 41-5] xbar does not have a bus interface called M06_AXI
CRITICAL WARNING: [BD 41-5] xbar does not have a bus interface called M07_AXI
Adding component instance block -- xilinx.com:ip:axi_protocol_converter:2.1 - auto_pc
Adding component instance block -- xilinx.com:ip:axi_protocol_converter:2.1 - auto_pc
Adding component instance block -- xilinx.com:ip:axi_protocol_converter:2.1 - auto_pc
Adding component instance block -- xilinx.com:ip:axi_protocol_converter:2.1 - auto_pc
Adding component instance block -- xilinx.com:ip:axi_protocol_converter:2.1 - auto_pc
Adding component instance block -- xilinx.com:ip:axi_protocol_converter:2.1 - auto_pc
Adding component instance block -- xilinx.com:ip:axi_protocol_converter:2.1 - auto_pc
Adding component instance block -- xilinx.com:ip:axi_protocol_converter:2.1 - auto_pc
WARNING: [BD 41-705] Could not load assignment of </ultrasonic_0/S00_AXI/S00_AXI_reg> into address space <Data>
WARNING: [BD 41-705] Could not load assignment of </zcar_servo_v1_0_0/s00_axi/reg0> into address space <Data>
Successfully read diagram <system> from BD file <E:/ZYNQ/ZYNQ_car_NoOS_EES-288B-v1.1_Vivado2017.2/ZYNQ_car/ZYNQ_car.srcs/sources_1/bd/system/system.bd>
open_bd_design: Time (s): cpu = 00:00:10 ; elapsed = 00:00:11 . Memory (MB): peak = 822.504 ; gain = 25.734
ERROR: [Common 17-39] 'open_bd_design' failed due to earlier errors.
open_bd_design {E:/ZYNQ/ZYNQ_car_NoOS_EES-288B-v1.1_Vivado2017.2/ZYNQ_car/ZYNQ_car.srcs/sources_1/bd/system/system.bd}
launch_sdk -workspace E:/ZYNQ/ZYNQ_car_NoOS_EES-288B-v1.1_Vivado2017.2/ZYNQ_car/ZYNQ_car.sdk -hwspec E:/ZYNQ/ZYNQ_car_NoOS_EES-288B-v1.1_Vivado2017.2/ZYNQ_car/ZYNQ_car.sdk/system_wrapper.hdf
INFO: [Vivado 12-393] Launching SDK...
INFO: [Vivado 12-417] Running xsdk -workspace E:/ZYNQ/ZYNQ_car_NoOS_EES-288B-v1.1_Vivado2017.2/ZYNQ_car/ZYNQ_car.sdk -hwspec E:/ZYNQ/ZYNQ_car_NoOS_EES-288B-v1.1_Vivado2017.2/ZYNQ_car/ZYNQ_car.sdk/system_wrapper.hdf
INFO: [Vivado 12-3157] SDK launch initiated. Please check console for any further messages.
exit
INFO: [Common 17-206] Exiting Vivado at Wed Oct 30 18:12:04 2019...
