Vivado Simulator 2017.1
Copyright 1986-1999, 2001-2016 Xilinx, Inc. All Rights Reserved.
Running: D:/DevelopProgram/Xilinx/Vivado/2017.1/bin/unwrapped/win64.o/xelab.exe -wto 3d70f57dab6c41c18c94e0059599e91a --debug typical --relax --mt 2 --maxdelay -L xil_defaultlib -L simprims_ver -L secureip --snapshot system_wrapper_time_synth -transport_int_delays -pulse_r 0 -pulse_int_r 0 -pulse_e 0 -pulse_int_e 0 xil_defaultlib.system_wrapper xil_defaultlib.glbl -log elaborate.log 
Using 2 slave threads.
Starting static elaboration
Completed static elaboration
Starting simulation data flow analysis
Completed simulation data flow analysis
INFO: [XSIM 43-3451] SDF backannotation process started with SDF file "system_wrapper_time_synth.sdf", for root module "system_wrapper".
INFO: [XSIM 43-3452] SDF backannotation was successful for SDF file "system_wrapper_time_synth.sdf", for root module "system_wrapper".
Time Resolution for simulation is 1ps
Compiling module simprims_ver.PULLUP
Compiling module simprims_ver.OBUF
Compiling module simprims_ver.IBUF
Compiling module simprims_ver.OBUFT
Compiling module xil_defaultlib.IOBUF_UNIQ_BASE_
Compiling module xil_defaultlib.IOBUF_HD1
Compiling module xil_defaultlib.IOBUF_HD2
Compiling module xil_defaultlib.IOBUF_HD3
Compiling module xil_defaultlib.IOBUF_HD4
Compiling module xil_defaultlib.IOBUF_HD5
Compiling module xil_defaultlib.IOBUF_HD6
Compiling module xil_defaultlib.IOBUF_HD7
Compiling module xil_defaultlib.IOBUF_HD8
Compiling module xil_defaultlib.IOBUF_HD9
Compiling module xil_defaultlib.IOBUF_HD10
Compiling module xil_defaultlib.IOBUF_HD11
Compiling module xil_defaultlib.IOBUF_HD12
Compiling module xil_defaultlib.IOBUF_HD13
Compiling module xil_defaultlib.IOBUF_HD14
Compiling module xil_defaultlib.IOBUF_HD15
Compiling module xil_defaultlib.IOBUF_HD16
Compiling module xil_defaultlib.IOBUF_HD17
Compiling module xil_defaultlib.IOBUF_HD18
Compiling module xil_defaultlib.IOBUF_HD19
Compiling module xil_defaultlib.IOBUF_HD20
Compiling module xil_defaultlib.IOBUF_HD21
Compiling module simprims_ver.GND
Compiling module simprims_ver.LUT6
Compiling module simprims_ver.LUT5
Compiling module simprims_ver.x_lut2_mux4
Compiling module simprims_ver.LUT2
Compiling module simprims_ver.x_lut1_mux2
Compiling module simprims_ver.LUT1
Compiling module simprims_ver.FDRE_default
Compiling module simprims_ver.CARRY4
Compiling module simprims_ver.LUT4
Compiling module simprims_ver.x_lut3_mux8
Compiling module simprims_ver.LUT3
Compiling module xil_defaultlib.PWM_Generator_17
Compiling module simprims_ver.FDCE_default
Compiling module xil_defaultlib.encoder_18
Compiling module simprims_ver.DSP48E1(ACASCREG=0,ALUMODEREG=0,...
Compiling module xil_defaultlib.pid_ctrl_19
Compiling module simprims_ver.FDSE_default
Compiling module xil_defaultlib.Motor_Controller_16
Compiling module simprims_ver.MUXF8
Compiling module simprims_ver.MUXF7
Compiling module xil_defaultlib.Motor_Ctrl_v1_1_Motor_S_AXI_15
Compiling module xil_defaultlib.Motor_Ctrl_v1_1_14
Compiling module xil_defaultlib.system_Motor_Ctrl_L_0
Compiling module xil_defaultlib.PWM_Generator
Compiling module xil_defaultlib.encoder
Compiling module xil_defaultlib.pid_ctrl
Compiling module xil_defaultlib.Motor_Controller
Compiling module xil_defaultlib.Motor_Ctrl_v1_1_Motor_S_AXI
Compiling module xil_defaultlib.Motor_Ctrl_v1_1
Compiling module xil_defaultlib.system_Motor_Ctrl_R_0
Compiling module xil_defaultlib.address_decoder_13
Compiling module xil_defaultlib.slave_attachment_12
Compiling module xil_defaultlib.axi_lite_ipif_11
Compiling module simprims_ver.VCC
Compiling module xil_defaultlib.GPIO_Core
Compiling module xil_defaultlib.axi_gpio
Compiling module xil_defaultlib.system_axi_gpio_2_0
Compiling module xil_defaultlib.address_decoder_10
Compiling module xil_defaultlib.slave_attachment_9
Compiling module xil_defaultlib.axi_lite_ipif_7
Compiling module simprims_ver.FDRE(XON="FALSE")
Compiling module xil_defaultlib.cdc_sync__parameterized0
Compiling module xil_defaultlib.cdc_sync__parameterized0_8
Compiling module xil_defaultlib.GPIO_Core__parameterized0
Compiling module xil_defaultlib.axi_gpio__parameterized1
Compiling module xil_defaultlib.system_axi_gpio_0_0
Compiling module xil_defaultlib.address_decoder
Compiling module xil_defaultlib.slave_attachment
Compiling module xil_defaultlib.axi_lite_ipif
Compiling module xil_defaultlib.cdc_sync__parameterized1
Compiling module xil_defaultlib.cdc_sync__parameterized2
Compiling module xil_defaultlib.GPIO_Core__parameterized1
Compiling module xil_defaultlib.axi_gpio__parameterized3
Compiling module xil_defaultlib.system_axi_gpio_1_1
Compiling module xil_defaultlib.c_reg_fd_v12_0_3_viv
Compiling module xil_defaultlib.c_addsub_v12_0_10_lut6_legacy
Compiling module xil_defaultlib.c_addsub_v12_0_10_fabric_legacy
Compiling module xil_defaultlib.c_addsub_v12_0_10_legacy
Compiling module xil_defaultlib.c_counter_binary_v12_0_10_legacy
Compiling module xil_defaultlib.c_counter_binary_v12_0_10_viv
Compiling module xil_defaultlib.c_counter_binary_v12_0_10
Compiling module xil_defaultlib.system_c_counter_binary_0_0
Compiling module simprims_ver.SRLC32E_default
Compiling module xil_defaultlib.c_shift_ram_v12_0_10_legacy
Compiling module xil_defaultlib.c_shift_ram_v12_0_10_viv
Compiling module xil_defaultlib.c_shift_ram_v12_0_10
Compiling module xil_defaultlib.system_c_shift_ram_0_0
Compiling module xil_defaultlib.c_shift_ram_v12_0_10_legacy__par...
Compiling module xil_defaultlib.c_shift_ram_v12_0_10_viv__parame...
Compiling module xil_defaultlib.c_shift_ram_v12_0_10__parameteri...
Compiling module xil_defaultlib.system_c_shift_ram_0_1
Compiling module xil_defaultlib.c_shift_ram_v12_0_10_legacy__par...
Compiling module xil_defaultlib.c_shift_ram_v12_0_10_viv__parame...
Compiling module xil_defaultlib.c_shift_ram_v12_0_10__parameteri...
Compiling module xil_defaultlib.system_c_shift_ram_1_0
Compiling module xil_defaultlib.c_shift_ram_v12_0_10_legacy__par...
Compiling module xil_defaultlib.c_shift_ram_v12_0_10_viv__parame...
Compiling module xil_defaultlib.c_shift_ram_v12_0_10__parameteri...
Compiling module xil_defaultlib.system_c_shift_ram_r_f_0
Compiling module xil_defaultlib.address_decoder__parameterized0
Compiling module xil_defaultlib.slave_attachment__parameterized0
Compiling module xil_defaultlib.axi_lite_ipif__parameterized0
Compiling module xil_defaultlib.interrupt_control
Compiling module xil_defaultlib.cdc_sync__parameterized3
Compiling module xil_defaultlib.GPIO_Core__parameterized2
Compiling module xil_defaultlib.axi_gpio__parameterized5
Compiling module xil_defaultlib.system_optical_0
Compiling module simprims_ver.BIBUF
Compiling module simprims_ver.PS7
Compiling module simprims_ver.BUFG
Compiling module xil_defaultlib.processing_system7_v5_5_processi...
Compiling module xil_defaultlib.system_processing_system7_0_1
Compiling module xil_defaultlib.axi_protocol_converter_v2_1_12_b...
Compiling module xil_defaultlib.axi_protocol_converter_v2_1_12_b...
Compiling module xil_defaultlib.axi_protocol_converter_v2_1_12_b...
Compiling module xil_defaultlib.axi_protocol_converter_v2_1_12_b...
Compiling module xil_defaultlib.axi_protocol_converter_v2_1_12_b...
Compiling module xil_defaultlib.axi_protocol_converter_v2_1_12_b...
Compiling module xil_defaultlib.axi_protocol_converter_v2_1_12_b...
Compiling module xil_defaultlib.axi_protocol_converter_v2_1_12_b...
Compiling module simprims_ver.FDRE(INIT=1'b1)
Compiling module xil_defaultlib.axi_register_slice_v2_1_12_axic_...
Compiling module xil_defaultlib.axi_register_slice_v2_1_12_axic_...
Compiling module xil_defaultlib.axi_register_slice_v2_1_12_axic_...
Compiling module xil_defaultlib.axi_register_slice_v2_1_12_axic_...
Compiling module xil_defaultlib.axi_register_slice_v2_1_12_axi_r...
Compiling module xil_defaultlib.axi_protocol_converter_v2_1_12_b...
Compiling module xil_defaultlib.axi_protocol_converter_v2_1_12_b...
Compiling module xil_defaultlib.axi_protocol_converter_v2_1_12_b...
Compiling module xil_defaultlib.axi_protocol_converter_v2_1_12_b...
Compiling module xil_defaultlib.axi_protocol_converter_v2_1_12_b...
Compiling module simprims_ver.SRL16E_default
Compiling module xil_defaultlib.axi_protocol_converter_v2_1_12_b...
Compiling module xil_defaultlib.axi_protocol_converter_v2_1_12_b...
Compiling module xil_defaultlib.axi_protocol_converter_v2_1_12_b...
Compiling module xil_defaultlib.axi_protocol_converter_v2_1_12_b...
Compiling module xil_defaultlib.axi_protocol_converter_v2_1_12_a...
Compiling module xil_defaultlib.system_auto_pc_0
Compiling module xil_defaultlib.s00_couplers_imp_IK3G2O
Compiling module xil_defaultlib.axi_crossbar_v2_1_13_addr_arbite...
Compiling module xil_defaultlib.axi_crossbar_v2_1_13_decerr_slav...
Compiling module xil_defaultlib.axi_register_slice_v2_1_12_axic_...
Compiling module xil_defaultlib.axi_crossbar_v2_1_13_splitter__p...
Compiling module xil_defaultlib.axi_crossbar_v2_1_13_splitter
Compiling module xil_defaultlib.axi_crossbar_v2_1_13_crossbar_sa...
Compiling module xil_defaultlib.axi_crossbar_v2_1_13_axi_crossba...
Compiling module xil_defaultlib.system_xbar_0
Compiling module xil_defaultlib.system_processing_system7_0_axi_...
Compiling module xil_defaultlib.cdc_sync__parameterized4
Compiling module xil_defaultlib.cdc_sync__parameterized4_2
Compiling module xil_defaultlib.lpf
Compiling module simprims_ver.FDSE(INIT=1'b0)
Compiling module xil_defaultlib.upcnt_n
Compiling module xil_defaultlib.sequence_psr
Compiling module xil_defaultlib.proc_sys_reset
Compiling module xil_defaultlib.system_rst_processing_system7_0_...
Compiling module xil_defaultlib.echo
Compiling module xil_defaultlib.echo_0
Compiling module xil_defaultlib.echo_1
Compiling module xil_defaultlib.debounce
Compiling module xil_defaultlib.trig
Compiling module xil_defaultlib.ultrasonic_v1_0_S00_AXI
Compiling module xil_defaultlib.ultrasonic_v1_0
Compiling module xil_defaultlib.system_ultrasonic_0_0
Compiling module xil_defaultlib.system_xlconcat_0_0
Compiling module xil_defaultlib.system_xlconstant_0_0
Compiling module xil_defaultlib.clk_div
Compiling module xil_defaultlib.servo
Compiling module xil_defaultlib.zcar_servo_v1_0_S00_AXI
Compiling module xil_defaultlib.zcar_servo_v1_0
Compiling module xil_defaultlib.system_zcar_servo_v1_0_0_0
Compiling module xil_defaultlib.system
Compiling module xil_defaultlib.system_wrapper
Compiling module xil_defaultlib.glbl
Built simulation snapshot system_wrapper_time_synth
