INFO: [VRFC 10-2263] Analyzing Verilog file "D:/Document/E_elements/EES-288/TCL_ZYBO_4/zrobot_v4_2015.4.sim/sim_1/synth/timing/system_wrapper_time_synth.v" into library xil_defaultlib
INFO: [VRFC 10-311] analyzing module IOBUF_UNIQ_BASE_
INFO: [VRFC 10-311] analyzing module IOBUF_HD1
INFO: [VRFC 10-311] analyzing module IOBUF_HD10
INFO: [VRFC 10-311] analyzing module IOBUF_HD11
INFO: [VRFC 10-311] analyzing module IOBUF_HD12
INFO: [VRFC 10-311] analyzing module IOBUF_HD13
INFO: [VRFC 10-311] analyzing module IOBUF_HD14
INFO: [VRFC 10-311] analyzing module IOBUF_HD15
INFO: [VRFC 10-311] analyzing module IOBUF_HD16
INFO: [VRFC 10-311] analyzing module IOBUF_HD17
INFO: [VRFC 10-311] analyzing module IOBUF_HD18
INFO: [VRFC 10-311] analyzing module IOBUF_HD19
INFO: [VRFC 10-311] analyzing module IOBUF_HD2
INFO: [VRFC 10-311] analyzing module IOBUF_HD20
INFO: [VRFC 10-311] analyzing module IOBUF_HD21
INFO: [VRFC 10-311] analyzing module IOBUF_HD3
INFO: [VRFC 10-311] analyzing module IOBUF_HD4
INFO: [VRFC 10-311] analyzing module IOBUF_HD5
INFO: [VRFC 10-311] analyzing module IOBUF_HD6
INFO: [VRFC 10-311] analyzing module IOBUF_HD7
INFO: [VRFC 10-311] analyzing module IOBUF_HD8
INFO: [VRFC 10-311] analyzing module IOBUF_HD9
INFO: [VRFC 10-311] analyzing module GPIO_Core
INFO: [VRFC 10-311] analyzing module GPIO_Core__parameterized0
INFO: [VRFC 10-311] analyzing module GPIO_Core__parameterized1
INFO: [VRFC 10-311] analyzing module GPIO_Core__parameterized2
INFO: [VRFC 10-311] analyzing module Motor_Controller
INFO: [VRFC 10-311] analyzing module Motor_Controller_16
INFO: [VRFC 10-311] analyzing module Motor_Ctrl_v1_1
INFO: [VRFC 10-311] analyzing module Motor_Ctrl_v1_1_14
INFO: [VRFC 10-311] analyzing module Motor_Ctrl_v1_1_Motor_S_AXI
INFO: [VRFC 10-311] analyzing module Motor_Ctrl_v1_1_Motor_S_AXI_15
INFO: [VRFC 10-311] analyzing module PWM_Generator
INFO: [VRFC 10-311] analyzing module PWM_Generator_17
INFO: [VRFC 10-311] analyzing module address_decoder
INFO: [VRFC 10-311] analyzing module address_decoder_10
INFO: [VRFC 10-311] analyzing module address_decoder_13
INFO: [VRFC 10-311] analyzing module address_decoder__parameterized0
INFO: [VRFC 10-311] analyzing module axi_crossbar_v2_1_13_addr_arbiter_sasd
INFO: [VRFC 10-311] analyzing module axi_crossbar_v2_1_13_axi_crossbar
INFO: [VRFC 10-311] analyzing module axi_crossbar_v2_1_13_crossbar_sasd
INFO: [VRFC 10-311] analyzing module axi_crossbar_v2_1_13_decerr_slave
INFO: [VRFC 10-311] analyzing module axi_crossbar_v2_1_13_splitter
INFO: [VRFC 10-311] analyzing module axi_crossbar_v2_1_13_splitter__parameterized0
INFO: [VRFC 10-311] analyzing module axi_gpio
INFO: [VRFC 10-311] analyzing module axi_gpio__parameterized1
INFO: [VRFC 10-311] analyzing module axi_gpio__parameterized3
INFO: [VRFC 10-311] analyzing module axi_gpio__parameterized5
INFO: [VRFC 10-311] analyzing module axi_lite_ipif
INFO: [VRFC 10-311] analyzing module axi_lite_ipif_11
INFO: [VRFC 10-311] analyzing module axi_lite_ipif_7
INFO: [VRFC 10-311] analyzing module axi_lite_ipif__parameterized0
INFO: [VRFC 10-311] analyzing module axi_protocol_converter_v2_1_12_axi_protocol_converter
INFO: [VRFC 10-311] analyzing module axi_protocol_converter_v2_1_12_b2s
INFO: [VRFC 10-311] analyzing module axi_protocol_converter_v2_1_12_b2s_ar_channel
INFO: [VRFC 10-311] analyzing module axi_protocol_converter_v2_1_12_b2s_aw_channel
INFO: [VRFC 10-311] analyzing module axi_protocol_converter_v2_1_12_b2s_b_channel
INFO: [VRFC 10-311] analyzing module axi_protocol_converter_v2_1_12_b2s_cmd_translator
INFO: [VRFC 10-311] analyzing module axi_protocol_converter_v2_1_12_b2s_cmd_translator_4
INFO: [VRFC 10-311] analyzing module axi_protocol_converter_v2_1_12_b2s_incr_cmd
INFO: [VRFC 10-311] analyzing module axi_protocol_converter_v2_1_12_b2s_incr_cmd_5
INFO: [VRFC 10-311] analyzing module axi_protocol_converter_v2_1_12_b2s_r_channel
INFO: [VRFC 10-311] analyzing module axi_protocol_converter_v2_1_12_b2s_rd_cmd_fsm
INFO: [VRFC 10-311] analyzing module axi_protocol_converter_v2_1_12_b2s_simple_fifo
INFO: [VRFC 10-311] analyzing module axi_protocol_converter_v2_1_12_b2s_simple_fifo__parameterized0
INFO: [VRFC 10-311] analyzing module axi_protocol_converter_v2_1_12_b2s_simple_fifo__parameterized1
INFO: [VRFC 10-311] analyzing module axi_protocol_converter_v2_1_12_b2s_simple_fifo__parameterized2
INFO: [VRFC 10-311] analyzing module axi_protocol_converter_v2_1_12_b2s_wr_cmd_fsm
INFO: [VRFC 10-311] analyzing module axi_protocol_converter_v2_1_12_b2s_wrap_cmd
INFO: [VRFC 10-311] analyzing module axi_protocol_converter_v2_1_12_b2s_wrap_cmd_6
INFO: [VRFC 10-311] analyzing module axi_register_slice_v2_1_12_axi_register_slice
INFO: [VRFC 10-311] analyzing module axi_register_slice_v2_1_12_axic_register_slice
INFO: [VRFC 10-311] analyzing module axi_register_slice_v2_1_12_axic_register_slice_3
INFO: [VRFC 10-311] analyzing module axi_register_slice_v2_1_12_axic_register_slice__parameterized1
INFO: [VRFC 10-311] analyzing module axi_register_slice_v2_1_12_axic_register_slice__parameterized2
INFO: [VRFC 10-311] analyzing module axi_register_slice_v2_1_12_axic_register_slice__parameterized7
INFO: [VRFC 10-311] analyzing module cdc_sync__parameterized0
INFO: [VRFC 10-311] analyzing module cdc_sync__parameterized0_8
INFO: [VRFC 10-311] analyzing module cdc_sync__parameterized1
INFO: [VRFC 10-311] analyzing module cdc_sync__parameterized2
INFO: [VRFC 10-311] analyzing module cdc_sync__parameterized3
INFO: [VRFC 10-311] analyzing module cdc_sync__parameterized4
INFO: [VRFC 10-311] analyzing module cdc_sync__parameterized4_2
INFO: [VRFC 10-311] analyzing module clk_div
INFO: [VRFC 10-311] analyzing module debounce
INFO: [VRFC 10-311] analyzing module echo
INFO: [VRFC 10-311] analyzing module echo_0
INFO: [VRFC 10-311] analyzing module echo_1
INFO: [VRFC 10-311] analyzing module encoder
INFO: [VRFC 10-311] analyzing module encoder_18
INFO: [VRFC 10-311] analyzing module interrupt_control
INFO: [VRFC 10-311] analyzing module lpf
INFO: [VRFC 10-311] analyzing module pid_ctrl
INFO: [VRFC 10-311] analyzing module pid_ctrl_19
INFO: [VRFC 10-311] analyzing module proc_sys_reset
INFO: [VRFC 10-311] analyzing module processing_system7_v5_5_processing_system7
INFO: [VRFC 10-311] analyzing module s00_couplers_imp_IK3G2O
INFO: [VRFC 10-311] analyzing module sequence_psr
INFO: [VRFC 10-311] analyzing module servo
INFO: [VRFC 10-311] analyzing module slave_attachment
INFO: [VRFC 10-311] analyzing module slave_attachment_12
INFO: [VRFC 10-311] analyzing module slave_attachment_9
INFO: [VRFC 10-311] analyzing module slave_attachment__parameterized0
INFO: [VRFC 10-311] analyzing module system
INFO: [VRFC 10-311] analyzing module system_Motor_Ctrl_L_0
INFO: [VRFC 10-311] analyzing module system_Motor_Ctrl_R_0
INFO: [VRFC 10-311] analyzing module system_auto_pc_0
INFO: [VRFC 10-311] analyzing module system_axi_gpio_0_0
INFO: [VRFC 10-311] analyzing module system_axi_gpio_1_1
INFO: [VRFC 10-311] analyzing module system_axi_gpio_2_0
INFO: [VRFC 10-311] analyzing module system_c_counter_binary_0_0
INFO: [VRFC 10-311] analyzing module system_c_shift_ram_0_0
INFO: [VRFC 10-311] analyzing module system_c_shift_ram_0_1
INFO: [VRFC 10-311] analyzing module system_c_shift_ram_1_0
INFO: [VRFC 10-311] analyzing module system_c_shift_ram_r_f_0
INFO: [VRFC 10-311] analyzing module system_optical_0
INFO: [VRFC 10-311] analyzing module system_processing_system7_0_1
INFO: [VRFC 10-311] analyzing module system_processing_system7_0_axi_periph_0
INFO: [VRFC 10-311] analyzing module system_rst_processing_system7_0_100M_0
INFO: [VRFC 10-311] analyzing module system_ultrasonic_0_0
INFO: [VRFC 10-311] analyzing module system_wrapper
INFO: [VRFC 10-311] analyzing module system_xbar_0
INFO: [VRFC 10-311] analyzing module system_xlconcat_0_0
INFO: [VRFC 10-311] analyzing module system_xlconstant_0_0
INFO: [VRFC 10-311] analyzing module system_zcar_servo_v1_0_0_0
INFO: [VRFC 10-311] analyzing module trig
INFO: [VRFC 10-311] analyzing module ultrasonic_v1_0
INFO: [VRFC 10-311] analyzing module ultrasonic_v1_0_S00_AXI
INFO: [VRFC 10-311] analyzing module upcnt_n
INFO: [VRFC 10-311] analyzing module zcar_servo_v1_0
INFO: [VRFC 10-311] analyzing module zcar_servo_v1_0_S00_AXI
INFO: [VRFC 10-311] analyzing module c_counter_binary_v12_0_10
INFO: [VRFC 10-311] analyzing module c_shift_ram_v12_0_10
INFO: [VRFC 10-311] analyzing module c_shift_ram_v12_0_10__parameterized1
INFO: [VRFC 10-311] analyzing module c_shift_ram_v12_0_10__parameterized3
INFO: [VRFC 10-311] analyzing module c_shift_ram_v12_0_10__parameterized5
INFO: [VRFC 10-311] analyzing module c_addsub_v12_0_10_fabric_legacy
INFO: [VRFC 10-311] analyzing module c_addsub_v12_0_10_legacy
INFO: [VRFC 10-311] analyzing module c_addsub_v12_0_10_lut6_legacy
INFO: [VRFC 10-311] analyzing module c_counter_binary_v12_0_10_legacy
INFO: [VRFC 10-311] analyzing module c_counter_binary_v12_0_10_viv
INFO: [VRFC 10-311] analyzing module c_reg_fd_v12_0_3_viv
INFO: [VRFC 10-311] analyzing module c_shift_ram_v12_0_10_legacy
INFO: [VRFC 10-311] analyzing module c_shift_ram_v12_0_10_legacy__parameterized0
INFO: [VRFC 10-311] analyzing module c_shift_ram_v12_0_10_legacy__parameterized1
INFO: [VRFC 10-311] analyzing module c_shift_ram_v12_0_10_legacy__parameterized2
INFO: [VRFC 10-311] analyzing module c_shift_ram_v12_0_10_viv
INFO: [VRFC 10-311] analyzing module c_shift_ram_v12_0_10_viv__parameterized1
INFO: [VRFC 10-311] analyzing module c_shift_ram_v12_0_10_viv__parameterized3
INFO: [VRFC 10-311] analyzing module c_shift_ram_v12_0_10_viv__parameterized5
INFO: [VRFC 10-311] analyzing module glbl
