#-----------------------------------------------------------
# Webtalk v2017.4 (64-bit)
# SW Build 2086221 on Fri Dec 15 20:55:39 MST 2017
# 
# Start of session at: Thu Oct 25 15:55:32 2018
# Process ID: 13132
# Current directory: C:/Users/yang/Desktop/ZYNQ_car/ZYNQ_car.sdk/webtalk
# Command line: wbtcv.exe -mode batch -source sdk_webtalk.tcl
# Log file: C:/Users/yang/Desktop/ZYNQ_car/ZYNQ_car.sdk/webtalk/webtalk.log
# Journal file: C:/Users/yang/Desktop/ZYNQ_car/ZYNQ_car.sdk/webtalk\webtalk.jou
#-----------------------------------------------------------
source sdk_webtalk.tcl
# webtalk_init -webtalk_dir C:\\Users\\yang\\Desktop\\ZYNQ_car\\ZYNQ_car.sdk\\webtalk
# webtalk_register_client -client project
# webtalk_add_data -client project -key date_generated -value "2018-10-25 15:55:31" -context "software_version_and_target_device"
# webtalk_add_data -client project -key product_version -value "SDK v2017.4" -context "software_version_and_target_device"
# webtalk_add_data -client project -key build_version -value "2017.4" -context "software_version_and_target_device"
# webtalk_add_data -client project -key os_platform -value "amd64" -context "software_version_and_target_device"
# webtalk_add_data -client project -key registration_id -value "" -context "software_version_and_target_device"
# webtalk_add_data -client project -key tool_flow -value "SDK" -context "software_version_and_target_device"
# webtalk_add_data -client project -key beta -value "false" -context "software_version_and_target_device"
# webtalk_add_data -client project -key route_design -value "NA" -context "software_version_and_target_device"
# webtalk_add_data -client project -key target_family -value "NA" -context "software_version_and_target_device"
# webtalk_add_data -client project -key target_device -value "NA" -context "software_version_and_target_device"
# webtalk_add_data -client project -key target_package -value "NA" -context "software_version_and_target_device"
# webtalk_add_data -client project -key target_speed -value "NA" -context "software_version_and_target_device"
# webtalk_add_data -client project -key random_id -value "sqa1bqn8f2js09ahod9f8egv95" -context "software_version_and_target_device"
# webtalk_add_data -client project -key project_id -value "2017.4_4" -context "software_version_and_target_device"
# webtalk_add_data -client project -key project_iteration -value "4" -context "software_version_and_target_device"
# webtalk_add_data -client project -key os_name -value "Microsoft Windows 8 or later , 64-bit" -context "user_environment"
# webtalk_add_data -client project -key os_release -value "major release  (build 9200)" -context "user_environment"
# webtalk_add_data -client project -key cpu_name -value "Intel(R) Core(TM) i7-8550U CPU @ 1.80GHz" -context "user_environment"
# webtalk_add_data -client project -key cpu_speed -value "1992 MHz" -context "user_environment"
# webtalk_add_data -client project -key total_processors -value "1" -context "user_environment"
# webtalk_add_data -client project -key system_ram -value "8.467 GB" -context "user_environment"
# webtalk_register_client -client sdk
# webtalk_add_data -client sdk -key uid -value "1540453624034" -context "sdk\\\\bsp/1540453624034"
# webtalk_add_data -client sdk -key hwid -value "1537584693518" -context "sdk\\\\bsp/1540453624034"
# webtalk_add_data -client sdk -key os -value "standalone" -context "sdk\\\\bsp/1540453624034"
# webtalk_add_data -client sdk -key apptemplate -value "hello_world" -context "sdk\\\\bsp/1540453624034"
# webtalk_add_data -client sdk -key RecordType -value "BSPCreation" -context "sdk\\\\bsp/1540453624034"
# webtalk_add_data -client sdk -key uid -value "1540453629786" -context "sdk\\\\application/1540453629786"
# webtalk_add_data -client sdk -key hwid -value "1537584693518" -context "sdk\\\\application/1540453629786"
# webtalk_add_data -client sdk -key bspid -value "1540453624034" -context "sdk\\\\application/1540453629786"
# webtalk_add_data -client sdk -key newbsp -value "true" -context "sdk\\\\application/1540453629786"
# webtalk_add_data -client sdk -key os -value "standalone" -context "sdk\\\\application/1540453629786"
# webtalk_add_data -client sdk -key apptemplate -value "hello_world" -context "sdk\\\\application/1540453629786"
# webtalk_add_data -client sdk -key RecordType -value "APPCreation" -context "sdk\\\\application/1540453629786"
# webtalk_add_data -client sdk -key LangUsed -value "C" -context "sdk\\\\application/1540453629786"
# webtalk_add_data -client sdk -key Procused -value "ps7_cortexa9" -context "sdk\\\\application/1540453629786"
# webtalk_add_data -client sdk -key projSize -value "203.0625" -context "sdk\\\\application/1540453629786"
# webtalk_add_data -client sdk -key uid -value "NA" -context "sdk\\\\bsp/1540454131139"
# webtalk_add_data -client sdk -key RecordType -value "ToolUsage" -context "sdk\\\\bsp/1540454131139"
# webtalk_add_data -client sdk -key BootgenCount -value "1" -context "sdk\\\\bsp/1540454131139"
# webtalk_add_data -client sdk -key DebugCount -value "0" -context "sdk\\\\bsp/1540454131139"
# webtalk_add_data -client sdk -key PerfCount -value "0" -context "sdk\\\\bsp/1540454131139"
# webtalk_add_data -client sdk -key FlashCount -value "0" -context "sdk\\\\bsp/1540454131139"
# webtalk_add_data -client sdk -key CrossTriggCount -value "0" -context "sdk\\\\bsp/1540454131139"
# webtalk_add_data -client sdk -key QemuDebugCount -value "0" -context "sdk\\\\bsp/1540454131139"
# webtalk_transmit -clientid 2693829608 -regid "" -xml C:\\Users\\yang\\Desktop\\ZYNQ_car\\ZYNQ_car.sdk\\webtalk\\usage_statistics_ext_sdk.xml -html C:\\Users\\yang\\Desktop\\ZYNQ_car\\ZYNQ_car.sdk\\webtalk\\usage_statistics_ext_sdk.html -wdm C:\\Users\\yang\\Desktop\\ZYNQ_car\\ZYNQ_car.sdk\\webtalk\\sdk_webtalk.wdm -intro "<H3>SDK Usage Report</H3><BR>"
INFO: [Common 17-186] 'C:\Users\yang\Desktop\ZYNQ_car\ZYNQ_car.sdk\webtalk\usage_statistics_ext_sdk.xml' has been successfully sent to Xilinx on Thu Oct 25 15:55:40 2018. For additional details about this file, please refer to the WebTalk help file at D:/Xilinx/2017.4/SDK/2017.4/doc/webtalk_introduction.html.
webtalk_transmit: Time (s): cpu = 00:00:00 ; elapsed = 00:00:05 . Memory (MB): peak = 51.699 ; gain = 0.164
# webtalk_terminate
INFO: [Common 17-206] Exiting Webtalk at Thu Oct 25 15:55:40 2018...
