#-----------------------------------------------------------
# Webtalk v2019.1 (64-bit)
# SW Build 2552052 on Fri May 24 14:49:42 MDT 2019
# 
# Start of session at: Tue Oct 22 15:59:01 2019
# Process ID: 10592
# Current directory: E:/ZYNQ/ZYNQ_car_≥¨…˘≤®±‹’œ_NoOS_EES-288B-v1.1_Vivado2017.2/ZYNQ_car/ZYNQ_car.sdk/webtalk
# Command line: wbtcv.exe -mode batch -source sdk_webtalk.tcl
# Log file: E:/ZYNQ/ZYNQ_car_≥¨…˘≤®±‹’œ_NoOS_EES-288B-v1.1_Vivado2017.2/ZYNQ_car/ZYNQ_car.sdk/webtalk/webtalk.log
# Journal file: E:/ZYNQ/ZYNQ_car_≥¨…˘≤®±‹’œ_NoOS_EES-288B-v1.1_Vivado2017.2/ZYNQ_car/ZYNQ_car.sdk/webtalk\webtalk.jou
#-----------------------------------------------------------
source sdk_webtalk.tcl
# webtalk_init -webtalk_dir E:\\ZYNQ\\ZYNQ_car_≥¨…˘≤®±‹’œ_NoOS_EES-288B-v1.1_Vivado2017.2\\ZYNQ_car\\ZYNQ_car.sdk\\webtalk
# webtalk_register_client -client project
# webtalk_add_data -client project -key date_generated -value "2019-10-22 15:58:57" -context "software_version_and_target_device"
# webtalk_add_data -client project -key product_version -value "SDK v2019.1" -context "software_version_and_target_device"
# webtalk_add_data -client project -key build_version -value "2019.1" -context "software_version_and_target_device"
# webtalk_add_data -client project -key os_platform -value "amd64" -context "software_version_and_target_device"
# webtalk_add_data -client project -key registration_id -value "" -context "software_version_and_target_device"
# webtalk_add_data -client project -key tool_flow -value "SDK" -context "software_version_and_target_device"
# webtalk_add_data -client project -key beta -value "false" -context "software_version_and_target_device"
# webtalk_add_data -client project -key route_design -value "NA" -context "software_version_and_target_device"
# webtalk_add_data -client project -key target_family -value "NA" -context "software_version_and_target_device"
# webtalk_add_data -client project -key target_device -value "NA" -context "software_version_and_target_device"
# webtalk_add_data -client project -key target_package -value "NA" -context "software_version_and_target_device"
# webtalk_add_data -client project -key target_speed -value "NA" -context "software_version_and_target_device"
# webtalk_add_data -client project -key random_id -value "gcp2aojbci5mf25tni4fk4anqh" -context "software_version_and_target_device"
# webtalk_add_data -client project -key project_id -value "2019.1_14" -context "software_version_and_target_device"
# webtalk_add_data -client project -key project_iteration -value "14" -context "software_version_and_target_device"
# webtalk_add_data -client project -key os_name -value "Microsoft Windows 8 or later , 64-bit" -context "user_environment"
# webtalk_add_data -client project -key os_release -value "major release  (build 9200)" -context "user_environment"
# webtalk_add_data -client project -key cpu_name -value "Intel(R) Core(TM) i5-8265U CPU @ 1.60GHz" -context "user_environment"
# webtalk_add_data -client project -key cpu_speed -value "1800 MHz" -context "user_environment"
# webtalk_add_data -client project -key total_processors -value "1" -context "user_environment"
# webtalk_add_data -client project -key system_ram -value "8.389 GB" -context "user_environment"
# webtalk_register_client -client sdk
# webtalk_add_data -client sdk -key uid -value "1571730830450" -context "sdk\\\\bsp/1571730830450"
# webtalk_add_data -client sdk -key hwid -value "1537584693518" -context "sdk\\\\bsp/1571730830450"
# webtalk_add_data -client sdk -key os -value "standalone" -context "sdk\\\\bsp/1571730830450"
# webtalk_add_data -client sdk -key apptemplate -value "zynq_fsbl" -context "sdk\\\\bsp/1571730830450"
# webtalk_add_data -client sdk -key RecordType -value "BSPCreation" -context "sdk\\\\bsp/1571730830450"
# webtalk_add_data -client sdk -key uid -value "1571730869351" -context "sdk\\\\application/1571730869351"
# webtalk_add_data -client sdk -key hwid -value "1537584693518" -context "sdk\\\\application/1571730869351"
# webtalk_add_data -client sdk -key bspid -value "1571730830450" -context "sdk\\\\application/1571730869351"
# webtalk_add_data -client sdk -key newbsp -value "true" -context "sdk\\\\application/1571730869351"
# webtalk_add_data -client sdk -key os -value "standalone" -context "sdk\\\\application/1571730869351"
# webtalk_add_data -client sdk -key apptemplate -value "zynq_fsbl" -context "sdk\\\\application/1571730869351"
# webtalk_add_data -client sdk -key RecordType -value "APPCreation" -context "sdk\\\\application/1571730869351"
# webtalk_add_data -client sdk -key LangUsed -value "C" -context "sdk\\\\application/1571730869351"
# webtalk_add_data -client sdk -key Procused -value "ps7_cortexa9" -context "sdk\\\\application/1571730869351"
# webtalk_add_data -client sdk -key projSize -value "714.46875" -context "sdk\\\\application/1571730869351"
# webtalk_add_data -client sdk -key uid -value "NA" -context "sdk\\\\bsp/1571731137462"
# webtalk_add_data -client sdk -key RecordType -value "ToolUsage" -context "sdk\\\\bsp/1571731137462"
# webtalk_add_data -client sdk -key BootgenCount -value "0" -context "sdk\\\\bsp/1571731137462"
# webtalk_add_data -client sdk -key DebugCount -value "0" -context "sdk\\\\bsp/1571731137462"
# webtalk_add_data -client sdk -key PerfCount -value "0" -context "sdk\\\\bsp/1571731137462"
# webtalk_add_data -client sdk -key FlashCount -value "0" -context "sdk\\\\bsp/1571731137462"
# webtalk_add_data -client sdk -key CrossTriggCount -value "0" -context "sdk\\\\bsp/1571731137462"
# webtalk_add_data -client sdk -key QemuDebugCount -value "0" -context "sdk\\\\bsp/1571731137462"
# webtalk_transmit -clientid 3701105751 -regid "" -xml E:\\ZYNQ\\ZYNQ_car_≥¨…˘≤®±‹’œ_NoOS_EES-288B-v1.1_Vivado2017.2\\ZYNQ_car\\ZYNQ_car.sdk\\webtalk\\usage_statistics_ext_sdk.xml -html E:\\ZYNQ\\ZYNQ_car_≥¨…˘≤®±‹’œ_NoOS_EES-288B-v1.1_Vivado2017.2\\ZYNQ_car\\ZYNQ_car.sdk\\webtalk\\usage_statistics_ext_sdk.html -wdm E:\\ZYNQ\\ZYNQ_car_≥¨…˘≤®±‹’œ_NoOS_EES-288B-v1.1_Vivado2017.2\\ZYNQ_car\\ZYNQ_car.sdk\\webtalk\\sdk_webtalk.wdm -intro "<H3>SDK Usage Report</H3><BR>"
# webtalk_terminate
INFO: [Common 17-206] Exiting Webtalk at Tue Oct 22 15:59:06 2019...
